c:\users\dongju\desktop\metalslugproject\client\debug\client.pch
c:\users\dongju\desktop\metalslugproject\client\debug\vc140.pdb
c:\users\dongju\desktop\metalslugproject\client\debug\vc140.idb
c:\users\dongju\desktop\metalslugproject\client\debug\stdafx.obj
c:\users\dongju\desktop\metalslugproject\client\debug\mainapp.obj
c:\users\dongju\desktop\metalslugproject\client\debug\move.obj
c:\users\dongju\desktop\metalslugproject\client\debug\nife.obj
c:\users\dongju\desktop\metalslugproject\client\debug\obj.obj
c:\users\dongju\desktop\metalslugproject\client\debug\objdynamic.obj
c:\users\dongju\desktop\metalslugproject\client\debug\objmgr.obj
c:\users\dongju\desktop\metalslugproject\client\debug\objstatic.obj
c:\users\dongju\desktop\metalslugproject\client\debug\player2.obj
c:\users\dongju\desktop\metalslugproject\client\debug\ready.obj
c:\users\dongju\desktop\metalslugproject\client\debug\scene.obj
c:\users\dongju\desktop\metalslugproject\client\debug\scenemgr.obj
c:\users\dongju\desktop\metalslugproject\client\debug\secondback.obj
c:\users\dongju\desktop\metalslugproject\client\debug\selectscene.obj
c:\users\dongju\desktop\metalslugproject\client\debug\stagescene.obj
c:\users\dongju\desktop\metalslugproject\client\debug\obstacle.obj
c:\users\dongju\desktop\metalslugproject\client\debug\texture.obj
c:\users\dongju\desktop\metalslugproject\client\debug\texturemgr.obj
c:\users\dongju\desktop\metalslugproject\client\debug\timemgr.obj
c:\users\dongju\desktop\metalslugproject\client\debug\wait.obj
c:\users\dongju\desktop\metalslugproject\client\debug\ai.obj
c:\users\dongju\desktop\metalslugproject\client\debug\arabian.obj
c:\users\dongju\desktop\metalslugproject\client\debug\attack.obj
c:\users\dongju\desktop\metalslugproject\client\debug\background.obj
c:\users\dongju\desktop\metalslugproject\client\debug\bullet.obj
c:\users\dongju\desktop\metalslugproject\client\debug\cammgr.obj
c:\users\dongju\desktop\metalslugproject\client\debug\character.obj
c:\users\dongju\desktop\metalslugproject\client\debug\client.obj
c:\users\dongju\desktop\metalslugproject\client\debug\collisionmgr.obj
c:\users\dongju\desktop\metalslugproject\client\debug\device.obj
c:\users\dongju\desktop\metalslugproject\client\debug\ebullet.obj
c:\users\dongju\desktop\metalslugproject\client\debug\effect.obj
c:\users\dongju\desktop\metalslugproject\client\debug\enemy.obj
c:\users\dongju\desktop\metalslugproject\client\debug\grenade.obj
c:\users\dongju\desktop\metalslugproject\client\debug\jump.obj
c:\users\dongju\desktop\metalslugproject\client\debug\keymgr.obj
c:\users\dongju\desktop\metalslugproject\client\debug\logoscene.obj
c:\users\dongju\desktop\metalslugproject\client\debug\m2.obj
c:\users\dongju\desktop\metalslugproject\client\debug\m2ani.obj
c:\users\dongju\desktop\metalslugproject\client\debug\player.obj
c:\users\dongju\desktop\metalslugproject\debug\client.ilk
c:\users\dongju\desktop\metalslugproject\debug\client.exe
c:\users\dongju\desktop\metalslugproject\debug\client.pdb
c:\users\dongju\desktop\metalslugproject\client\debug\client.res
c:\users\dongju\desktop\metalslugproject\client\debug\pathmgr.obj
c:\users\dongju\desktop\metalslugproject\client\debug\select.obj
c:\users\dongju\desktop\metalslugproject\client\debug\terrain.obj
c:\users\dongju\desktop\metalslugproject\client\debug\client.tlog\cl.command.1.tlog
c:\users\dongju\desktop\metalslugproject\client\debug\client.tlog\cl.read.1.tlog
c:\users\dongju\desktop\metalslugproject\client\debug\client.tlog\cl.write.1.tlog
c:\users\dongju\desktop\metalslugproject\client\debug\client.tlog\link.command.1.tlog
c:\users\dongju\desktop\metalslugproject\client\debug\client.tlog\link.read.1.tlog
c:\users\dongju\desktop\metalslugproject\client\debug\client.tlog\link.write.1.tlog
c:\users\dongju\desktop\metalslugproject\client\debug\client.tlog\rc.command.1.tlog
c:\users\dongju\desktop\metalslugproject\client\debug\client.tlog\rc.read.1.tlog
c:\users\dongju\desktop\metalslugproject\client\debug\client.tlog\rc.write.1.tlog
